<?xml version="1.0" encoding="UTF-8"?>
<robot generator="Robot 3.1.2 (Python 3.7.4 on win32)" generated="20190917 11:30:49.762" rpa="false">
<suite id="s1" name="TestSuite1" source="C:\Lee\Courses\RobotFramework\Eclipse IDE\RobotProject1\test\TestSuite1.robot">
<kw name="Log" library="BuiltIn" type="setup">
<doc>Logs the given message with the given level.</doc>
<arguments>
<arg>I am inside Test Suite Setup</arg>
</arguments>
<msg timestamp="20190917 11:30:50.253" level="INFO">I am inside Test Suite Setup</msg>
<status status="PASS" starttime="20190917 11:30:50.252" endtime="20190917 11:30:50.253"></status>
</kw>
<test id="s1-t1" name="MyFirstTest">
<kw name="Log" library="BuiltIn" type="setup">
<doc>Logs the given message with the given level.</doc>
<arguments>
<arg>I am inside Test Setup</arg>
</arguments>
<msg timestamp="20190917 11:30:50.254" level="INFO">I am inside Test Setup</msg>
<status status="PASS" starttime="20190917 11:30:50.254" endtime="20190917 11:30:50.254"></status>
</kw>
<kw name="Log" library="BuiltIn">
<doc>Logs the given message with the given level.</doc>
<arguments>
<arg>Hello World...</arg>
</arguments>
<msg timestamp="20190917 11:30:50.255" level="INFO">Hello World...</msg>
<status status="PASS" starttime="20190917 11:30:50.254" endtime="20190917 11:30:50.255"></status>
</kw>
<kw name="Log" library="BuiltIn" type="teardown">
<doc>Logs the given message with the given level.</doc>
<arguments>
<arg>I am inside Test teardown</arg>
</arguments>
<msg timestamp="20190917 11:30:50.255" level="INFO">I am inside Test teardown</msg>
<status status="PASS" starttime="20190917 11:30:50.255" endtime="20190917 11:30:50.255"></status>
</kw>
<tags>
<tag>smoke</tag>
</tags>
<status status="PASS" starttime="20190917 11:30:50.253" endtime="20190917 11:30:50.256" critical="yes"></status>
</test>
<kw name="Log" library="BuiltIn" type="teardown">
<doc>Logs the given message with the given level.</doc>
<arguments>
<arg>I am inside Test Suite teardown</arg>
</arguments>
<msg timestamp="20190917 11:30:50.258" level="INFO">I am inside Test Suite teardown</msg>
<status status="PASS" starttime="20190917 11:30:50.258" endtime="20190917 11:30:50.258"></status>
</kw>
<status status="PASS" starttime="20190917 11:30:49.766" endtime="20190917 11:30:50.258"></status>
</suite>
<statistics>
<total>
<stat pass="1" fail="0">Critical Tests</stat>
<stat pass="1" fail="0">All Tests</stat>
</total>
<tag>
<stat pass="1" fail="0">smoke</stat>
</tag>
<suite>
<stat pass="1" fail="0" id="s1" name="TestSuite1">TestSuite1</stat>
</suite>
</statistics>
<errors>
</errors>
</robot>
